87.1793 	INFO 	#[ PsychoPy3 RuntimeInfoStart ]
  #[[ PsychoPy ]] #---------
    psychopyVersion: 2022.2.5
    psychopyHaveExtRush: True
  #[[ Experiment ]] #---------
    experimentRunTime: 2023_08_15 16:34 (Year_Month_Day Hour:Min)
    experimentRunTime.epoch: 1692088495
    experimentScript: AB.py
    experimentScript.digestSHA1: 2590005934ff90d6cdc1502a10c8e3fd01263ea1
    experimentScript.directory: C:\Users\yuanyiqing\PycharmProjects\pythonProject\venv\attentional-blink-master
  #[[ System ]] #---------
    systemHaveInternetAccess: False (proxies not attempted)
    systemHostName: MSI
    systemLocale: Chinese (Simplified)_China.936
    systemMemFreeRAM: 9614.7109375
    systemMemTotalRAM: 16227.72265625
    systemPlatform: windowsversion=sys.getwindowsversion(major=10, minor=0, build=19045, platform=2, service_pack='')
    systemRebooted: [?]
    systemSec.pythonSSL: True
    systemTimeNumpySD1000000_sec: 0.0039
    systemUser: yuanyiqing
    systemUserID: 1000
    systemUserProcCount: 203
    systemUserProcFlagged: explorer.exe
    systemUsersCount: False
  #[[ Window ]] #---------
    windowWinType: pyglet
    windowUnits: deg
    windowSize_pix: [1920 1080]
    windowScreen: 0
    windowRgb: [-0.7 -0.7 -0.7]
    windowRefreshTimeSD_ms: 0.098
    windowRefreshTimeMedian_ms: 16.670
    windowRefreshTimeAvg_ms: 16.667
    windowPos_pix: (0, 0)
    windowMonitor.name: testmonitor
    windowMonitor.getWidth_cm: 34.5
    windowMonitor.getDistance_cm: 57.0
    windowMonitor.currentCalibName: 2023_04_29 15:10
    windowIsFullScr: True
  #[[ Python ]] #---------
    pythonVersion: 3.8.10
  #[[ OpenGL ]] #---------
#[ PsychoPy3 RuntimeInfoEnd ]

87.2499 	WARNING 	TextStim.alignVert is deprecated. Use the anchorVert attribute instead
87.2499 	WARNING 	TextStim.alignHoriz is deprecated. Use alignText and anchorHoriz attributes instead
87.2847 	WARNING 	TextStim.alignVert is deprecated. Use the anchorVert attribute instead
87.2847 	WARNING 	TextStim.alignHoriz is deprecated. Use alignText and anchorHoriz attributes instead
87.2987 	WARNING 	TextStim.alignVert is deprecated. Use the anchorVert attribute instead
87.2987 	WARNING 	TextStim.alignHoriz is deprecated. Use alignText and anchorHoriz attributes instead
87.3081 	WARNING 	TextStim.alignVert is deprecated. Use the anchorVert attribute instead
87.3081 	WARNING 	TextStim.alignHoriz is deprecated. Use alignText and anchorHoriz attributes instead
87.3105 	WARNING 	TextStim.alignVert is deprecated. Use the anchorVert attribute instead
87.3105 	WARNING 	TextStim.alignHoriz is deprecated. Use alignText and anchorHoriz attributes instead
87.3132 	EXP 	Created sequence: random, trialTypes=15, nReps=10, seed=None
87.6663 	EXP 	Created sequence: random, trialTypes=15, nReps=10, seed=None
87.6668 	INFO 	numtrials=150 and each trialDurFrames=130 or 2166.666666666667 ms  task=T1T2
87.6697 	WARNING 	TextStim.alignVert is deprecated. Use the anchorVert attribute instead
87.6697 	WARNING 	TextStim.alignHoriz is deprecated. Use alignText and anchorHoriz attributes instead
87.6819 	WARNING 	TextStim.alignVert is deprecated. Use the anchorVert attribute instead
87.6819 	WARNING 	TextStim.alignHoriz is deprecated. Use alignText and anchorHoriz attributes instead
87.6912 	WARNING 	TextStim.alignVert is deprecated. Use the anchorVert attribute instead
87.6912 	WARNING 	TextStim.alignHoriz is deprecated. Use alignText and anchorHoriz attributes instead
87.6966 	WARNING 	TextStim.alignVert is deprecated. Use the anchorVert attribute instead
87.6966 	WARNING 	TextStim.alignHoriz is deprecated. Use alignText and anchorHoriz attributes instead
87.7006 	WARNING 	TextStim.alignVert is deprecated. Use the anchorVert attribute instead
87.7006 	WARNING 	TextStim.alignHoriz is deprecated. Use alignText and anchorHoriz attributes instead
87.7046 	WARNING 	TextStim.alignVert is deprecated. Use the anchorVert attribute instead
87.7046 	WARNING 	TextStim.alignHoriz is deprecated. Use alignText and anchorHoriz attributes instead
87.7095 	WARNING 	TextStim.alignVert is deprecated. Use the anchorVert attribute instead
87.7095 	WARNING 	TextStim.alignHoriz is deprecated. Use alignText and anchorHoriz attributes instead
87.7150 	WARNING 	TextStim.alignVert is deprecated. Use the anchorVert attribute instead
87.7150 	WARNING 	TextStim.alignHoriz is deprecated. Use alignText and anchorHoriz attributes instead
87.7188 	WARNING 	TextStim.alignVert is deprecated. Use the anchorVert attribute instead
87.7188 	WARNING 	TextStim.alignHoriz is deprecated. Use alignText and anchorHoriz attributes instead
87.7233 	WARNING 	TextStim.alignVert is deprecated. Use the anchorVert attribute instead
87.7233 	WARNING 	TextStim.alignHoriz is deprecated. Use alignText and anchorHoriz attributes instead
87.7281 	WARNING 	TextStim.alignVert is deprecated. Use the anchorVert attribute instead
87.7281 	WARNING 	TextStim.alignHoriz is deprecated. Use alignText and anchorHoriz attributes instead
87.7320 	WARNING 	TextStim.alignVert is deprecated. Use the anchorVert attribute instead
87.7320 	WARNING 	TextStim.alignHoriz is deprecated. Use alignText and anchorHoriz attributes instead
87.7365 	WARNING 	TextStim.alignVert is deprecated. Use the anchorVert attribute instead
87.7366 	WARNING 	TextStim.alignHoriz is deprecated. Use alignText and anchorHoriz attributes instead
87.7415 	WARNING 	TextStim.alignVert is deprecated. Use the anchorVert attribute instead
87.7415 	WARNING 	TextStim.alignHoriz is deprecated. Use alignText and anchorHoriz attributes instead
87.7453 	WARNING 	TextStim.alignVert is deprecated. Use the anchorVert attribute instead
87.7454 	WARNING 	TextStim.alignHoriz is deprecated. Use alignText and anchorHoriz attributes instead
87.7495 	WARNING 	TextStim.alignVert is deprecated. Use the anchorVert attribute instead
87.7495 	WARNING 	TextStim.alignHoriz is deprecated. Use alignText and anchorHoriz attributes instead
87.7536 	WARNING 	TextStim.alignVert is deprecated. Use the anchorVert attribute instead
87.7537 	WARNING 	TextStim.alignHoriz is deprecated. Use alignText and anchorHoriz attributes instead
87.7580 	WARNING 	TextStim.alignVert is deprecated. Use the anchorVert attribute instead
87.7580 	WARNING 	TextStim.alignHoriz is deprecated. Use alignText and anchorHoriz attributes instead
87.7620 	WARNING 	TextStim.alignVert is deprecated. Use the anchorVert attribute instead
87.7620 	WARNING 	TextStim.alignHoriz is deprecated. Use alignText and anchorHoriz attributes instead
87.7663 	WARNING 	TextStim.alignVert is deprecated. Use the anchorVert attribute instead
87.7663 	WARNING 	TextStim.alignHoriz is deprecated. Use alignText and anchorHoriz attributes instead
87.7705 	WARNING 	TextStim.alignVert is deprecated. Use the anchorVert attribute instead
87.7705 	WARNING 	TextStim.alignHoriz is deprecated. Use alignText and anchorHoriz attributes instead
87.7746 	WARNING 	TextStim.alignVert is deprecated. Use the anchorVert attribute instead
87.7746 	WARNING 	TextStim.alignHoriz is deprecated. Use alignText and anchorHoriz attributes instead
87.7787 	WARNING 	TextStim.alignVert is deprecated. Use the anchorVert attribute instead
87.7787 	WARNING 	TextStim.alignHoriz is deprecated. Use alignText and anchorHoriz attributes instead
87.7837 	WARNING 	TextStim.alignVert is deprecated. Use the anchorVert attribute instead
87.7837 	WARNING 	TextStim.alignHoriz is deprecated. Use alignText and anchorHoriz attributes instead
87.7878 	WARNING 	TextStim.alignVert is deprecated. Use the anchorVert attribute instead
87.7878 	WARNING 	TextStim.alignHoriz is deprecated. Use alignText and anchorHoriz attributes instead
87.7920 	WARNING 	TextStim.alignVert is deprecated. Use the anchorVert attribute instead
87.7920 	WARNING 	TextStim.alignHoriz is deprecated. Use alignText and anchorHoriz attributes instead
87.7960 	INFO 	Experiment will have 150 trials. Letters will be drawn with superposed noise of0.00%
87.7960 	INFO 	Starting main (non-staircase) part of experiment
87.7962 	EXP 	New trial (rep=0, index=0): {'cue1pos': 8, 'cue2lag': 7}
90.9955 	EXP 	window1: recordFrameIntervals = False
92.7467 	DATA 	Keypress: l
93.2627 	DATA 	Keypress: m
93.7795 	EXP 	New trial (rep=0, index=1): {'cue1pos': 10, 'cue2lag': 5}
97.1122 	EXP 	window1: recordFrameIntervals = False
98.5625 	DATA 	Keypress: s
99.5625 	DATA 	Keypress: b
100.0791 	EXP 	New trial (rep=0, index=2): {'cue1pos': 9, 'cue2lag': 5}
103.3122 	EXP 	window1: recordFrameIntervals = False
104.4796 	DATA 	Keypress: c
105.0292 	DATA 	Keypress: z
105.5459 	EXP 	New trial (rep=0, index=3): {'cue1pos': 9, 'cue2lag': 9}
108.7289 	EXP 	window1: recordFrameIntervals = False
109.7295 	DATA 	Keypress: j
110.0959 	DATA 	Keypress: u
110.6132 	EXP 	New trial (rep=0, index=4): {'cue1pos': 8, 'cue2lag': 9}
113.7627 	EXP 	window1: recordFrameIntervals = False
116.9308 	DATA 	Mouse: Left button down, pos=(59,329)
117.1631 	DATA 	Mouse:  Left button up, pos=(59,329)
118.3296 	DATA 	Keypress: f
118.8460 	DATA 	Keypress: e
119.3628 	EXP 	New trial (rep=0, index=5): {'cue1pos': 8, 'cue2lag': 3}
122.3290 	EXP 	window1: recordFrameIntervals = False
123.4293 	DATA 	Keypress: p
124.0473 	DATA 	Keypress: e
124.5792 	EXP 	New trial (rep=0, index=6): {'cue1pos': 8, 'cue2lag': 1}
127.6957 	EXP 	window1: recordFrameIntervals = False
128.8461 	DATA 	Keypress: h
129.3293 	DATA 	Keypress: d
129.8468 	EXP 	New trial (rep=0, index=7): {'cue1pos': 10, 'cue2lag': 1}
132.8957 	EXP 	window1: recordFrameIntervals = False
133.9962 	DATA 	Keypress: u
134.4794 	DATA 	Keypress: r
134.9965 	EXP 	New trial (rep=0, index=8): {'cue1pos': 10, 'cue2lag': 9}
138.0124 	EXP 	window1: recordFrameIntervals = False
139.3461 	DATA 	Keypress: j
139.8627 	DATA 	Keypress: d
140.3801 	EXP 	New trial (rep=0, index=9): {'cue1pos': 10, 'cue2lag': 3}
143.3958 	EXP 	window1: recordFrameIntervals = False
144.3293 	DATA 	Keypress: s
144.7628 	DATA 	Keypress: c
145.2799 	EXP 	New trial (rep=0, index=10): {'cue1pos': 9, 'cue2lag': 3}
148.2291 	EXP 	window1: recordFrameIntervals = False
149.1298 	DATA 	Keypress: j
149.6128 	DATA 	Keypress: z
150.1295 	EXP 	New trial (rep=0, index=11): {'cue1pos': 8, 'cue2lag': 5}
153.3458 	EXP 	window1: recordFrameIntervals = False
153.8803 	DATA 	Keypress: t
154.3129 	DATA 	Keypress: w
154.8299 	EXP 	New trial (rep=0, index=12): {'cue1pos': 9, 'cue2lag': 7}
157.9792 	EXP 	window1: recordFrameIntervals = False
158.7128 	DATA 	Keypress: c
159.2129 	DATA 	Keypress: u
159.7296 	EXP 	New trial (rep=0, index=13): {'cue1pos': 9, 'cue2lag': 1}
163.0459 	EXP 	window1: recordFrameIntervals = False
164.0629 	DATA 	Keypress: m
164.5295 	DATA 	Keypress: t
165.0464 	EXP 	New trial (rep=0, index=14): {'cue1pos': 10, 'cue2lag': 7}
168.2793 	EXP 	window1: recordFrameIntervals = False
169.8464 	DATA 	Keypress: r
170.6137 	DATA 	Keypress: m
171.1459 	EXP 	New trial (rep=1, index=0): {'cue1pos': 10, 'cue2lag': 9}
174.3126 	EXP 	window1: recordFrameIntervals = False
175.1963 	DATA 	Keypress: n
175.8630 	DATA 	Keypress: t
176.3801 	EXP 	New trial (rep=1, index=1): {'cue1pos': 10, 'cue2lag': 5}
179.5961 	EXP 	window1: recordFrameIntervals = False
180.2963 	DATA 	Keypress: v
180.6296 	DATA 	Keypress: g
181.1470 	EXP 	New trial (rep=1, index=2): {'cue1pos': 9, 'cue2lag': 1}
184.1793 	EXP 	window1: recordFrameIntervals = False
185.4468 	DATA 	Keypress: w
186.0797 	DATA 	Keypress: b
186.5961 	EXP 	New trial (rep=1, index=3): {'cue1pos': 8, 'cue2lag': 9}
189.6460 	EXP 	window1: recordFrameIntervals = False
191.6964 	DATA 	Keypress: w
192.8797 	DATA 	Keypress: h
193.3966 	EXP 	New trial (rep=1, index=4): {'cue1pos': 9, 'cue2lag': 5}
196.4628 	EXP 	window1: recordFrameIntervals = False
197.0798 	DATA 	Keypress: j
197.5470 	DATA 	Keypress: d
198.0640 	EXP 	New trial (rep=1, index=5): {'cue1pos': 8, 'cue2lag': 5}
200.9128 	EXP 	window1: recordFrameIntervals = False
201.5966 	DATA 	Keypress: q
202.3130 	DATA 	Keypress: b
202.8297 	EXP 	New trial (rep=1, index=6): {'cue1pos': 9, 'cue2lag': 9}
206.0128 	EXP 	window1: recordFrameIntervals = False
206.9297 	DATA 	Keypress: f
207.5300 	DATA 	Keypress: p
208.0475 	EXP 	New trial (rep=1, index=7): {'cue1pos': 10, 'cue2lag': 1}
211.3462 	EXP 	window1: recordFrameIntervals = False
212.4298 	DATA 	Keypress: c
212.8632 	DATA 	Keypress: g
213.3802 	EXP 	New trial (rep=1, index=8): {'cue1pos': 10, 'cue2lag': 3}
216.4462 	EXP 	window1: recordFrameIntervals = False
216.8297 	DATA 	Keypress: p
217.0632 	DATA 	Keypress: l
217.5803 	EXP 	New trial (rep=1, index=9): {'cue1pos': 8, 'cue2lag': 1}
220.7796 	EXP 	window1: recordFrameIntervals = False
221.7301 	DATA 	Keypress: z
222.1799 	DATA 	Keypress: e
222.6964 	EXP 	New trial (rep=1, index=10): {'cue1pos': 9, 'cue2lag': 3}
225.6629 	EXP 	window1: recordFrameIntervals = False
226.2132 	DATA 	Keypress: t
226.4632 	DATA 	Keypress: g
226.9809 	EXP 	New trial (rep=1, index=11): {'cue1pos': 8, 'cue2lag': 7}
230.3129 	EXP 	window1: recordFrameIntervals = False
230.8299 	DATA 	Keypress: l
231.2640 	DATA 	Keypress: y
231.7812 	EXP 	New trial (rep=1, index=12): {'cue1pos': 8, 'cue2lag': 3}
234.9796 	EXP 	window1: recordFrameIntervals = False
235.2466 	DATA 	Keypress: v
235.6966 	DATA 	Keypress: k
236.2132 	EXP 	New trial (rep=1, index=13): {'cue1pos': 10, 'cue2lag': 7}
239.0963 	EXP 	window1: recordFrameIntervals = False
239.7300 	DATA 	Keypress: p
240.1799 	DATA 	Keypress: y
240.6970 	EXP 	New trial (rep=1, index=14): {'cue1pos': 9, 'cue2lag': 7}
243.9963 	EXP 	window1: recordFrameIntervals = False
244.6634 	DATA 	Keypress: q
245.2632 	DATA 	Keypress: x
245.7799 	EXP 	New trial (rep=2, index=0): {'cue1pos': 8, 'cue2lag': 5}
248.8964 	EXP 	window1: recordFrameIntervals = False
249.2800 	DATA 	Keypress: p
249.7478 	DATA 	Keypress: d
250.2804 	EXP 	New trial (rep=2, index=1): {'cue1pos': 10, 'cue2lag': 5}
253.4130 	EXP 	window1: recordFrameIntervals = False
254.0142 	DATA 	Keypress: y
254.3801 	DATA 	Keypress: s
254.8968 	EXP 	New trial (rep=2, index=2): {'cue1pos': 10, 'cue2lag': 9}
258.0131 	EXP 	window1: recordFrameIntervals = False
258.8634 	DATA 	Keypress: w
259.5310 	DATA 	Keypress: t
260.0634 	EXP 	New trial (rep=2, index=3): {'cue1pos': 8, 'cue2lag': 9}
263.0798 	EXP 	window1: recordFrameIntervals = False
264.0635 	DATA 	Keypress: v
264.5802 	DATA 	Keypress: k
265.0967 	EXP 	New trial (rep=2, index=4): {'cue1pos': 9, 'cue2lag': 3}
268.2965 	EXP 	window1: recordFrameIntervals = False
268.7302 	DATA 	Keypress: p
269.0468 	DATA 	Keypress: k
269.5645 	EXP 	New trial (rep=2, index=5): {'cue1pos': 10, 'cue2lag': 7}
272.5465 	EXP 	window1: recordFrameIntervals = False
273.1468 	DATA 	Keypress: z
273.5636 	DATA 	Keypress: u
274.0806 	EXP 	New trial (rep=2, index=6): {'cue1pos': 9, 'cue2lag': 5}
277.3965 	EXP 	window1: recordFrameIntervals = False
277.7637 	DATA 	Keypress: f
278.0808 	DATA 	Keypress: a
278.5965 	EXP 	New trial (rep=2, index=7): {'cue1pos': 8, 'cue2lag': 7}
281.7299 	EXP 	window1: recordFrameIntervals = False
282.1468 	DATA 	Keypress: i
282.3969 	DATA 	Keypress: l
282.9133 	EXP 	New trial (rep=2, index=8): {'cue1pos': 8, 'cue2lag': 1}
286.0466 	EXP 	window1: recordFrameIntervals = False
287.2136 	DATA 	Keypress: a
288.0136 	DATA 	Keypress: u
397.2998 	DATA 	Keypress: space
397.6997 	EXP 	New trial (rep=2, index=9): {'cue1pos': 9, 'cue2lag': 1}
400.6806 	EXP 	window1: recordFrameIntervals = False
402.1310 	DATA 	Keypress: w
403.6310 	DATA 	Keypress: t
404.1484 	EXP 	New trial (rep=2, index=10): {'cue1pos': 9, 'cue2lag': 7}
407.1806 	EXP 	window1: recordFrameIntervals = False
407.9975 	DATA 	Keypress: k
408.9476 	DATA 	Keypress: e
409.4642 	EXP 	New trial (rep=2, index=11): {'cue1pos': 10, 'cue2lag': 1}
412.4306 	EXP 	window1: recordFrameIntervals = False
413.7309 	DATA 	Keypress: m
414.4476 	DATA 	Keypress: a
414.9646 	EXP 	New trial (rep=2, index=12): {'cue1pos': 10, 'cue2lag': 3}
418.0806 	EXP 	window1: recordFrameIntervals = False
418.7810 	DATA 	Keypress: s
419.1143 	DATA 	Keypress: r
419.6311 	EXP 	New trial (rep=2, index=13): {'cue1pos': 9, 'cue2lag': 9}
422.8307 	EXP 	window1: recordFrameIntervals = False
424.0144 	DATA 	Keypress: g
424.4478 	DATA 	Keypress: w
424.9639 	EXP 	New trial (rep=2, index=14): {'cue1pos': 8, 'cue2lag': 3}
428.0474 	EXP 	window1: recordFrameIntervals = False
428.4985 	DATA 	Keypress: a
429.1309 	DATA 	Keypress: k
429.6474 	EXP 	New trial (rep=3, index=0): {'cue1pos': 9, 'cue2lag': 1}
432.7307 	EXP 	window1: recordFrameIntervals = False
433.8322 	DATA 	Keypress: h
435.2646 	DATA 	Keypress: b
435.7819 	EXP 	New trial (rep=3, index=1): {'cue1pos': 10, 'cue2lag': 3}
438.7975 	EXP 	window1: recordFrameIntervals = False
439.3977 	DATA 	Keypress: u
439.7151 	DATA 	Keypress: k
440.2313 	EXP 	New trial (rep=3, index=2): {'cue1pos': 10, 'cue2lag': 9}
443.5475 	EXP 	window1: recordFrameIntervals = False
444.8645 	DATA 	Keypress: v
445.3479 	DATA 	Keypress: i
445.8649 	EXP 	New trial (rep=3, index=3): {'cue1pos': 10, 'cue2lag': 5}
448.7974 	EXP 	window1: recordFrameIntervals = False
450.6478 	DATA 	Keypress: v
451.2319 	DATA 	Keypress: u
451.7476 	EXP 	New trial (rep=3, index=4): {'cue1pos': 8, 'cue2lag': 1}
454.7975 	EXP 	window1: recordFrameIntervals = False
457.3145 	DATA 	Keypress: f
457.6478 	DATA 	Keypress: x
458.1644 	EXP 	New trial (rep=3, index=5): {'cue1pos': 9, 'cue2lag': 9}
461.4476 	EXP 	window1: recordFrameIntervals = False
462.4145 	DATA 	Keypress: h
463.2812 	DATA 	Keypress: i
463.7980 	EXP 	New trial (rep=3, index=6): {'cue1pos': 8, 'cue2lag': 5}
466.6813 	EXP 	window1: recordFrameIntervals = False
467.1480 	DATA 	Keypress: v
467.7145 	DATA 	Keypress: n
468.2318 	EXP 	New trial (rep=3, index=7): {'cue1pos': 8, 'cue2lag': 9}
471.4643 	EXP 	window1: recordFrameIntervals = False
472.5487 	DATA 	Keypress: p
473.0313 	DATA 	Keypress: n
473.5485 	EXP 	New trial (rep=3, index=8): {'cue1pos': 8, 'cue2lag': 3}
476.5143 	EXP 	window1: recordFrameIntervals = False
476.8646 	DATA 	Keypress: i
477.1646 	DATA 	Keypress: l
477.6813 	EXP 	New trial (rep=3, index=9): {'cue1pos': 8, 'cue2lag': 7}
480.6810 	EXP 	window1: recordFrameIntervals = False
481.4148 	DATA 	Keypress: b
481.8813 	DATA 	Keypress: e
482.3992 	EXP 	New trial (rep=3, index=10): {'cue1pos': 10, 'cue2lag': 7}
485.4144 	EXP 	window1: recordFrameIntervals = False
486.0980 	DATA 	Keypress: i
486.5813 	DATA 	Keypress: w
487.0988 	EXP 	New trial (rep=3, index=11): {'cue1pos': 9, 'cue2lag': 5}
489.9977 	EXP 	window1: recordFrameIntervals = False
490.4314 	DATA 	Keypress: z
491.0313 	DATA 	Keypress: i
491.5488 	EXP 	New trial (rep=3, index=12): {'cue1pos': 10, 'cue2lag': 1}
494.8311 	EXP 	window1: recordFrameIntervals = False
496.1323 	DATA 	Keypress: i
496.9986 	DATA 	Keypress: d
497.5157 	EXP 	New trial (rep=3, index=13): {'cue1pos': 9, 'cue2lag': 7}
500.4977 	EXP 	window1: recordFrameIntervals = False
501.5657 	DATA 	Keypress: q
502.0481 	DATA 	Keypress: w
502.5648 	EXP 	New trial (rep=3, index=14): {'cue1pos': 9, 'cue2lag': 3}
505.4645 	EXP 	window1: recordFrameIntervals = False
505.8647 	DATA 	Keypress: i
506.2656 	DATA 	Keypress: l
506.7817 	EXP 	New trial (rep=4, index=0): {'cue1pos': 10, 'cue2lag': 5}
509.7311 	EXP 	window1: recordFrameIntervals = False
511.6315 	DATA 	Keypress: h
511.9814 	DATA 	Keypress: n
512.4981 	EXP 	New trial (rep=4, index=1): {'cue1pos': 10, 'cue2lag': 1}
515.7312 	EXP 	window1: recordFrameIntervals = False
516.9149 	DATA 	Keypress: l
518.2316 	DATA 	Keypress: v
518.7484 	EXP 	New trial (rep=4, index=2): {'cue1pos': 10, 'cue2lag': 3}
521.6479 	EXP 	window1: recordFrameIntervals = False
522.1648 	DATA 	Keypress: n
522.3649 	DATA 	Keypress: i
522.8825 	EXP 	New trial (rep=4, index=3): {'cue1pos': 8, 'cue2lag': 5}
526.1146 	EXP 	window1: recordFrameIntervals = False
526.5649 	DATA 	Keypress: j
527.0982 	DATA 	Keypress: e
527.6155 	EXP 	New trial (rep=4, index=4): {'cue1pos': 8, 'cue2lag': 9}
530.7979 	EXP 	window1: recordFrameIntervals = False
531.8149 	DATA 	Keypress: y
532.3157 	DATA 	Keypress: g
532.8481 	EXP 	New trial (rep=4, index=5): {'cue1pos': 9, 'cue2lag': 3}
536.0980 	EXP 	window1: recordFrameIntervals = False
536.6815 	DATA 	Keypress: w
537.3983 	DATA 	Keypress: j
537.9152 	EXP 	New trial (rep=4, index=6): {'cue1pos': 9, 'cue2lag': 1}
540.9813 	EXP 	window1: recordFrameIntervals = False
542.0483 	DATA 	Keypress: y
542.7819 	DATA 	Keypress: p
543.2995 	EXP 	New trial (rep=4, index=7): {'cue1pos': 9, 'cue2lag': 7}
546.5814 	EXP 	window1: recordFrameIntervals = False
547.1326 	DATA 	Keypress: x
547.6317 	DATA 	Keypress: u
548.1484 	EXP 	New trial (rep=4, index=8): {'cue1pos': 8, 'cue2lag': 7}
551.3981 	EXP 	window1: recordFrameIntervals = False
552.0817 	DATA 	Keypress: e
552.7483 	DATA 	Keypress: a
553.2649 	EXP 	New trial (rep=4, index=9): {'cue1pos': 8, 'cue2lag': 3}
556.5814 	EXP 	window1: recordFrameIntervals = False
557.6151 	DATA 	Keypress: f
558.0817 	DATA 	Keypress: w
558.5984 	EXP 	New trial (rep=4, index=10): {'cue1pos': 9, 'cue2lag': 9}
561.8648 	EXP 	window1: recordFrameIntervals = False
562.5651 	DATA 	Keypress: s
563.1318 	DATA 	Keypress: u
563.6481 	EXP 	New trial (rep=4, index=11): {'cue1pos': 10, 'cue2lag': 9}
566.9482 	EXP 	window1: recordFrameIntervals = False
567.7318 	DATA 	Keypress: w
568.3496 	DATA 	Keypress: i
568.8820 	EXP 	New trial (rep=4, index=12): {'cue1pos': 9, 'cue2lag': 5}
572.0485 	EXP 	window1: recordFrameIntervals = False
573.0488 	DATA 	Keypress: u
573.4319 	DATA 	Keypress: l
573.9495 	EXP 	New trial (rep=4, index=13): {'cue1pos': 8, 'cue2lag': 1}
577.0816 	EXP 	window1: recordFrameIntervals = False
578.3152 	DATA 	Keypress: e
579.2986 	DATA 	Keypress: d
579.8155 	EXP 	New trial (rep=4, index=14): {'cue1pos': 10, 'cue2lag': 7}
582.6816 	EXP 	window1: recordFrameIntervals = False
583.3152 	DATA 	Keypress: m
583.8651 	DATA 	Keypress: q
584.3818 	EXP 	New trial (rep=5, index=0): {'cue1pos': 9, 'cue2lag': 9}
587.2816 	EXP 	window1: recordFrameIntervals = False
588.1320 	DATA 	Keypress: v
588.6652 	DATA 	Keypress: l
589.1818 	EXP 	New trial (rep=5, index=1): {'cue1pos': 8, 'cue2lag': 7}
592.2983 	EXP 	window1: recordFrameIntervals = False
592.9486 	DATA 	Keypress: r
593.4986 	DATA 	Keypress: y
870.7498 	DATA 	Keypress: space
871.1502 	EXP 	New trial (rep=5, index=2): {'cue1pos': 9, 'cue2lag': 3}
874.1998 	EXP 	window1: recordFrameIntervals = False
875.4505 	DATA 	Keypress: s
875.9504 	DATA 	Keypress: u
876.4668 	EXP 	New trial (rep=5, index=3): {'cue1pos': 10, 'cue2lag': 9}
879.5165 	EXP 	window1: recordFrameIntervals = False
880.4835 	DATA 	Keypress: t
881.0168 	DATA 	Keypress: j
881.5336 	EXP 	New trial (rep=5, index=4): {'cue1pos': 8, 'cue2lag': 1}
884.5999 	EXP 	window1: recordFrameIntervals = False
885.7336 	DATA 	Keypress: w
886.5009 	DATA 	Keypress: k
887.0168 	EXP 	New trial (rep=5, index=5): {'cue1pos': 9, 'cue2lag': 1}
890.1833 	EXP 	window1: recordFrameIntervals = False
891.3837 	DATA 	Keypress: h
891.8668 	DATA 	Keypress: p
892.3835 	EXP 	New trial (rep=5, index=6): {'cue1pos': 8, 'cue2lag': 3}
895.4666 	EXP 	window1: recordFrameIntervals = False
895.9336 	DATA 	Keypress: f
896.3169 	DATA 	Keypress: u
896.8342 	EXP 	New trial (rep=5, index=7): {'cue1pos': 8, 'cue2lag': 9}
899.8167 	EXP 	window1: recordFrameIntervals = False
900.4680 	DATA 	Keypress: n
900.9836 	DATA 	Keypress: c
901.5000 	EXP 	New trial (rep=5, index=8): {'cue1pos': 10, 'cue2lag': 5}
904.5667 	EXP 	window1: recordFrameIntervals = False
905.0003 	DATA 	Keypress: j
905.2172 	DATA 	Keypress: u
905.7349 	EXP 	New trial (rep=5, index=9): {'cue1pos': 10, 'cue2lag': 1}
908.6334 	EXP 	window1: recordFrameIntervals = False
909.5837 	DATA 	Keypress: u
910.3003 	DATA 	Keypress: w
910.8169 	EXP 	New trial (rep=5, index=10): {'cue1pos': 9, 'cue2lag': 7}
913.7667 	EXP 	window1: recordFrameIntervals = False
914.2837 	DATA 	Keypress: u
914.6338 	DATA 	Keypress: f
915.1505 	EXP 	New trial (rep=5, index=11): {'cue1pos': 10, 'cue2lag': 3}
918.2834 	EXP 	window1: recordFrameIntervals = False
919.1504 	DATA 	Keypress: f
919.6004 	DATA 	Keypress: b
920.1171 	EXP 	New trial (rep=5, index=12): {'cue1pos': 9, 'cue2lag': 5}
923.4501 	EXP 	window1: recordFrameIntervals = False
923.9338 	DATA 	Keypress: t
924.4671 	DATA 	Keypress: i
924.9843 	EXP 	New trial (rep=5, index=13): {'cue1pos': 10, 'cue2lag': 7}
928.1834 	EXP 	window1: recordFrameIntervals = False
928.8338 	DATA 	Keypress: c
929.2005 	DATA 	Keypress: a
929.7168 	EXP 	New trial (rep=5, index=14): {'cue1pos': 8, 'cue2lag': 5}
932.7335 	EXP 	window1: recordFrameIntervals = False
933.0004 	DATA 	Keypress: f
933.6338 	DATA 	Keypress: n
934.1502 	EXP 	New trial (rep=6, index=0): {'cue1pos': 9, 'cue2lag': 7}
937.1502 	EXP 	window1: recordFrameIntervals = False
938.1338 	DATA 	Keypress: r
938.4672 	DATA 	Keypress: q
938.9844 	EXP 	New trial (rep=6, index=1): {'cue1pos': 10, 'cue2lag': 9}
941.8836 	EXP 	window1: recordFrameIntervals = False
942.6673 	DATA 	Keypress: r
943.1671 	DATA 	Keypress: j
943.6837 	EXP 	New trial (rep=6, index=2): {'cue1pos': 9, 'cue2lag': 3}
946.7003 	EXP 	window1: recordFrameIntervals = False
946.9339 	DATA 	Keypress: y
947.6680 	DATA 	Keypress: x
948.1839 	EXP 	New trial (rep=6, index=3): {'cue1pos': 8, 'cue2lag': 9}
951.0336 	EXP 	window1: recordFrameIntervals = False
951.6006 	DATA 	Keypress: f
952.0006 	DATA 	Keypress: a
952.5173 	EXP 	New trial (rep=6, index=4): {'cue1pos': 8, 'cue2lag': 1}
955.8003 	EXP 	window1: recordFrameIntervals = False
956.7673 	DATA 	Keypress: j
957.5506 	DATA 	Keypress: h
958.0673 	EXP 	New trial (rep=6, index=5): {'cue1pos': 10, 'cue2lag': 3}
961.2836 	EXP 	window1: recordFrameIntervals = False
962.3173 	DATA 	Keypress: y
962.7173 	DATA 	Keypress: e
963.2340 	EXP 	New trial (rep=6, index=6): {'cue1pos': 8, 'cue2lag': 5}
966.0837 	EXP 	window1: recordFrameIntervals = False
966.6006 	DATA 	Keypress: f
967.3840 	DATA 	Keypress: v
967.9012 	EXP 	New trial (rep=6, index=7): {'cue1pos': 8, 'cue2lag': 3}
970.7837 	EXP 	window1: recordFrameIntervals = False
970.9174 	DATA 	Keypress: a
971.3673 	DATA 	Keypress: w
971.8841 	EXP 	New trial (rep=6, index=8): {'cue1pos': 9, 'cue2lag': 1}
974.9672 	EXP 	window1: recordFrameIntervals = False
975.8340 	DATA 	Keypress: x
976.3840 	DATA 	Keypress: l
976.9008 	EXP 	New trial (rep=6, index=9): {'cue1pos': 10, 'cue2lag': 5}
980.1504 	EXP 	window1: recordFrameIntervals = False
980.5342 	DATA 	Keypress: u
981.0007 	DATA 	Keypress: q
981.5174 	EXP 	New trial (rep=6, index=10): {'cue1pos': 8, 'cue2lag': 7}
984.4338 	EXP 	window1: recordFrameIntervals = False
985.3675 	DATA 	Keypress: f
985.8007 	DATA 	Keypress: q
986.3173 	EXP 	New trial (rep=6, index=11): {'cue1pos': 10, 'cue2lag': 1}
989.6172 	EXP 	window1: recordFrameIntervals = False
990.6008 	DATA 	Keypress: z
991.6008 	DATA 	Keypress: g
992.1184 	EXP 	New trial (rep=6, index=12): {'cue1pos': 9, 'cue2lag': 5}
995.1838 	EXP 	window1: recordFrameIntervals = False
995.5509 	DATA 	Keypress: k
996.1176 	DATA 	Keypress: t
996.6346 	EXP 	New trial (rep=6, index=13): {'cue1pos': 10, 'cue2lag': 7}
999.9672 	EXP 	window1: recordFrameIntervals = False
1000.5842 	DATA 	Keypress: h
1001.1842 	DATA 	Keypress: t
1001.7010 	EXP 	New trial (rep=6, index=14): {'cue1pos': 9, 'cue2lag': 9}
1004.9006 	EXP 	window1: recordFrameIntervals = False
1005.4845 	DATA 	Keypress: x
1005.9509 	DATA 	Keypress: v
1006.4674 	EXP 	New trial (rep=7, index=0): {'cue1pos': 9, 'cue2lag': 7}
1009.3506 	EXP 	window1: recordFrameIntervals = False
1009.9342 	DATA 	Keypress: c
1010.6350 	DATA 	Keypress: o
1011.1509 	EXP 	New trial (rep=7, index=1): {'cue1pos': 10, 'cue2lag': 9}
1014.0173 	EXP 	window1: recordFrameIntervals = False
1014.6509 	DATA 	Keypress: t
1015.0342 	DATA 	Keypress: q
1015.5510 	EXP 	New trial (rep=7, index=2): {'cue1pos': 10, 'cue2lag': 7}
1018.7340 	EXP 	window1: recordFrameIntervals = False
1019.1682 	DATA 	Keypress: p
1019.4010 	DATA 	Keypress: k
1019.9175 	EXP 	New trial (rep=7, index=3): {'cue1pos': 8, 'cue2lag': 7}
1023.0174 	EXP 	window1: recordFrameIntervals = False
1023.2345 	DATA 	Keypress: i
1023.4511 	DATA 	Keypress: o
1023.9685 	EXP 	New trial (rep=7, index=4): {'cue1pos': 9, 'cue2lag': 9}
1027.3007 	EXP 	window1: recordFrameIntervals = False
1027.9013 	DATA 	Keypress: j
1028.6177 	DATA 	Keypress: g
1029.1343 	EXP 	New trial (rep=7, index=5): {'cue1pos': 9, 'cue2lag': 1}
1032.3674 	EXP 	window1: recordFrameIntervals = False
1033.3677 	DATA 	Keypress: q
1034.9681 	DATA 	Keypress: g
1035.4850 	EXP 	New trial (rep=7, index=6): {'cue1pos': 10, 'cue2lag': 3}
1038.6008 	EXP 	window1: recordFrameIntervals = False
1040.6511 	DATA 	Keypress: z
1040.8344 	DATA 	Keypress: a
1041.3511 	EXP 	New trial (rep=7, index=7): {'cue1pos': 8, 'cue2lag': 1}
1044.3341 	EXP 	window1: recordFrameIntervals = False
1045.1682 	DATA 	Keypress: z
1045.6344 	DATA 	Keypress: i
1046.1512 	EXP 	New trial (rep=7, index=8): {'cue1pos': 10, 'cue2lag': 5}
1049.4841 	EXP 	window1: recordFrameIntervals = False
1050.2178 	DATA 	Keypress: r
1050.7680 	DATA 	Keypress: b
1051.2842 	EXP 	New trial (rep=7, index=9): {'cue1pos': 8, 'cue2lag': 5}
1054.4175 	EXP 	window1: recordFrameIntervals = False
1054.7189 	DATA 	Keypress: z
1055.0178 	DATA 	Keypress: w
1210.4874 	DATA 	Keypress: space
1210.8871 	EXP 	New trial (rep=7, index=10): {'cue1pos': 9, 'cue2lag': 3}
1214.1684 	EXP 	window1: recordFrameIntervals = False
1215.1032 	DATA 	Keypress: e
1215.7354 	DATA 	Keypress: s
1216.2520 	EXP 	New trial (rep=7, index=11): {'cue1pos': 8, 'cue2lag': 3}
1219.2684 	EXP 	window1: recordFrameIntervals = False
1220.3356 	DATA 	Keypress: a
1220.9354 	DATA 	Keypress: e
1221.4535 	EXP 	New trial (rep=7, index=12): {'cue1pos': 10, 'cue2lag': 1}
1224.6851 	EXP 	window1: recordFrameIntervals = False
1225.6690 	DATA 	Keypress: w
1226.3354 	DATA 	Keypress: k
1226.8521 	EXP 	New trial (rep=7, index=13): {'cue1pos': 9, 'cue2lag': 5}
1229.8852 	EXP 	window1: recordFrameIntervals = False
1230.5688 	DATA 	Keypress: b
1231.1188 	DATA 	Keypress: r
1231.6357 	EXP 	New trial (rep=7, index=14): {'cue1pos': 8, 'cue2lag': 9}
1234.8017 	EXP 	window1: recordFrameIntervals = False
1235.7522 	DATA 	Keypress: s
1236.1521 	DATA 	Keypress: e
1236.6689 	EXP 	New trial (rep=8, index=0): {'cue1pos': 8, 'cue2lag': 5}
1239.8685 	EXP 	window1: recordFrameIntervals = False
1240.7356 	DATA 	Keypress: o
1241.2363 	DATA 	Keypress: d
1241.7526 	EXP 	New trial (rep=8, index=1): {'cue1pos': 9, 'cue2lag': 9}
1245.0852 	EXP 	window1: recordFrameIntervals = False
1245.8024 	DATA 	Keypress: u
1246.2854 	DATA 	Keypress: z
1246.8024 	EXP 	New trial (rep=8, index=2): {'cue1pos': 8, 'cue2lag': 1}
1249.9519 	EXP 	window1: recordFrameIntervals = False
1250.6355 	DATA 	Keypress: c
1251.0533 	DATA 	Keypress: u
1251.5861 	EXP 	New trial (rep=8, index=3): {'cue1pos': 10, 'cue2lag': 5}
1254.6356 	EXP 	window1: recordFrameIntervals = False
1255.2362 	DATA 	Keypress: h
1255.7523 	DATA 	Keypress: p
1256.2693 	EXP 	New trial (rep=8, index=4): {'cue1pos': 8, 'cue2lag': 3}
1259.4020 	EXP 	window1: recordFrameIntervals = False
1260.0189 	DATA 	Keypress: w
1260.6523 	DATA 	Keypress: i
1261.1697 	EXP 	New trial (rep=8, index=5): {'cue1pos': 10, 'cue2lag': 9}
1264.0687 	EXP 	window1: recordFrameIntervals = False
1264.8691 	DATA 	Keypress: j
1265.4191 	DATA 	Keypress: q
1265.9360 	EXP 	New trial (rep=8, index=6): {'cue1pos': 9, 'cue2lag': 3}
1269.2687 	EXP 	window1: recordFrameIntervals = False
1269.7357 	DATA 	Keypress: z
1270.3189 	DATA 	Keypress: m
1270.8354 	EXP 	New trial (rep=8, index=7): {'cue1pos': 10, 'cue2lag': 7}
1273.8358 	EXP 	window1: recordFrameIntervals = False
1275.0857 	DATA 	Keypress: o
1275.5357 	DATA 	Keypress: y
1276.0527 	EXP 	New trial (rep=8, index=8): {'cue1pos': 8, 'cue2lag': 7}
1279.1188 	EXP 	window1: recordFrameIntervals = False
1279.7857 	DATA 	Keypress: m
1280.3524 	DATA 	Keypress: t
1280.8689 	EXP 	New trial (rep=8, index=9): {'cue1pos': 9, 'cue2lag': 7}
1283.7688 	EXP 	window1: recordFrameIntervals = False
1284.2024 	DATA 	Keypress: i
1284.6691 	DATA 	Keypress: s
1285.1857 	EXP 	New trial (rep=8, index=10): {'cue1pos': 10, 'cue2lag': 3}
1288.0854 	EXP 	window1: recordFrameIntervals = False
1288.5858 	DATA 	Keypress: n
1289.1024 	DATA 	Keypress: a
1289.6193 	EXP 	New trial (rep=8, index=11): {'cue1pos': 9, 'cue2lag': 5}
1292.8025 	EXP 	window1: recordFrameIntervals = False
1293.3203 	DATA 	Keypress: w
1293.5525 	DATA 	Keypress: e
1294.0700 	EXP 	New trial (rep=8, index=12): {'cue1pos': 8, 'cue2lag': 9}
1296.9522 	EXP 	window1: recordFrameIntervals = False
1297.8359 	DATA 	Keypress: r
1298.4693 	DATA 	Keypress: n
1298.9863 	EXP 	New trial (rep=8, index=13): {'cue1pos': 9, 'cue2lag': 1}
1302.2023 	EXP 	window1: recordFrameIntervals = False
1303.1866 	DATA 	Keypress: o
1303.7858 	DATA 	Keypress: f
1304.3030 	EXP 	New trial (rep=8, index=14): {'cue1pos': 10, 'cue2lag': 1}
1307.3189 	EXP 	window1: recordFrameIntervals = False
1307.7028 	DATA 	Keypress: m
1308.2027 	DATA 	Keypress: s
1308.7191 	EXP 	New trial (rep=9, index=0): {'cue1pos': 9, 'cue2lag': 1}
1312.0023 	EXP 	window1: recordFrameIntervals = False
1312.9859 	DATA 	Keypress: l
1313.6192 	DATA 	Keypress: t
1314.1372 	EXP 	New trial (rep=9, index=1): {'cue1pos': 9, 'cue2lag': 9}
1317.2523 	EXP 	window1: recordFrameIntervals = False
1318.8027 	DATA 	Keypress: z
1319.4528 	DATA 	Keypress: l
1319.9693 	EXP 	New trial (rep=9, index=2): {'cue1pos': 10, 'cue2lag': 7}
1322.9357 	EXP 	window1: recordFrameIntervals = False
1323.6026 	DATA 	Keypress: g
1323.8860 	DATA 	Keypress: b
1324.4032 	EXP 	New trial (rep=9, index=3): {'cue1pos': 8, 'cue2lag': 5}
1327.7357 	EXP 	window1: recordFrameIntervals = False
1328.2027 	DATA 	Keypress: b
1328.6027 	DATA 	Keypress: i
1329.1201 	EXP 	New trial (rep=9, index=4): {'cue1pos': 9, 'cue2lag': 5}
1332.0691 	EXP 	window1: recordFrameIntervals = False
1332.4859 	DATA 	Keypress: c
1332.8528 	DATA 	Keypress: e
1333.3701 	EXP 	New trial (rep=9, index=5): {'cue1pos': 8, 'cue2lag': 3}
1336.4524 	EXP 	window1: recordFrameIntervals = False
1336.6360 	DATA 	Keypress: v
1337.3361 	DATA 	Keypress: m
1337.8529 	EXP 	New trial (rep=9, index=6): {'cue1pos': 10, 'cue2lag': 9}
1340.9691 	EXP 	window1: recordFrameIntervals = False
1341.7695 	DATA 	Keypress: f
1342.4861 	DATA 	Keypress: k
1343.0033 	EXP 	New trial (rep=9, index=7): {'cue1pos': 10, 'cue2lag': 3}
1346.1025 	EXP 	window1: recordFrameIntervals = False
1346.8694 	DATA 	Keypress: a
1347.7196 	DATA 	Keypress: m
1348.2366 	EXP 	New trial (rep=9, index=8): {'cue1pos': 8, 'cue2lag': 9}
1351.1525 	EXP 	window1: recordFrameIntervals = False
1351.7529 	DATA 	Keypress: u
1352.2361 	DATA 	Keypress: c
1352.7526 	EXP 	New trial (rep=9, index=9): {'cue1pos': 10, 'cue2lag': 5}
1355.8859 	EXP 	window1: recordFrameIntervals = False
1356.7029 	DATA 	Keypress: v
1357.0698 	DATA 	Keypress: i
1357.5868 	EXP 	New trial (rep=9, index=10): {'cue1pos': 10, 'cue2lag': 1}
1360.7026 	EXP 	window1: recordFrameIntervals = False
1361.8864 	DATA 	Keypress: v
1362.5531 	DATA 	Keypress: w
1363.0695 	EXP 	New trial (rep=9, index=11): {'cue1pos': 8, 'cue2lag': 7}
1366.1360 	EXP 	window1: recordFrameIntervals = False
1366.6527 	DATA 	Keypress: p
1367.4195 	DATA 	Keypress: x
1367.9370 	EXP 	New trial (rep=9, index=12): {'cue1pos': 9, 'cue2lag': 3}
1371.2693 	EXP 	window1: recordFrameIntervals = False
1371.6865 	DATA 	Keypress: w
1372.3365 	DATA 	Keypress: j
1372.8530 	EXP 	New trial (rep=9, index=13): {'cue1pos': 8, 'cue2lag': 1}
1375.8693 	EXP 	window1: recordFrameIntervals = False
1376.2696 	DATA 	Keypress: n
1376.9696 	DATA 	Keypress: s
1377.4866 	EXP 	New trial (rep=9, index=14): {'cue1pos': 9, 'cue2lag': 7}
1380.5860 	EXP 	window1: recordFrameIntervals = False
1381.0863 	DATA 	Keypress: i
1381.4196 	DATA 	Keypress: j
1381.9362 	INFO 	Finishing at 16:56 on 15 Aug 2023
1384.8496 	EXP 	window1: mouseVisible = True
Finishing at 16:56 on 15 Aug 2023
Of 150 trials, on 62.0% of all trials all targets reported exactly correct
All targets approximately correct in 84.0% of trials
T1: 90.67% correct
T2: 66.67% correct
T1: 99.33% approximately correct
T2: 84.67% approximately correct
T2 for each of the lags, [1 3 5 7 9] :  [28.    50.    86.207 85.185 88.889] %correct, and  [68.    75.    89.655 88.889 96.296] %approximately correct
[ 7. 14. 25. 23. 24.] [25. 28. 29. 27. 27.]