30.5513 	ERROR 	Error in handleLineEditChange: inputFieldName=Trials per condition (default=8):, type=<class 'int'>, value=, error=invalid literal for int() with base 10: ''
64.0773 	INFO 	#[ PsychoPy3 RuntimeInfoStart ]
  #[[ PsychoPy ]] #---------
    psychopyVersion: 2022.2.5
    psychopyHaveExtRush: True
  #[[ Experiment ]] #---------
    experimentRunTime: 2023_08_08 13:43 (Year_Month_Day Hour:Min)
    experimentRunTime.epoch: 1691473429
    experimentScript: AB.py
    experimentScript.digestSHA1: 340fcc8946799fe1a2fb4ca5139ab35b19d03477
    experimentScript.directory: C:\Users\yuanyiqing\PycharmProjects\pythonProject\venv\attentional-blink-master
  #[[ System ]] #---------
    systemHaveInternetAccess: False (proxies not attempted)
    systemHostName: MSI
    systemLocale: Chinese (Simplified)_China.936
    systemMemFreeRAM: 9871.5234375
    systemMemTotalRAM: 16227.72265625
    systemPlatform: windowsversion=sys.getwindowsversion(major=10, minor=0, build=19045, platform=2, service_pack='')
    systemRebooted: [?]
    systemSec.pythonSSL: True
    systemTimeNumpySD1000000_sec: 0.0040
    systemUser: yuanyiqing
    systemUserID: 1000
    systemUserProcCount: 223
    systemUserProcFlagged: explorer.exe
    systemUsersCount: False
  #[[ Window ]] #---------
    windowWinType: pyglet
    windowUnits: deg
    windowSize_pix: [1920 1080]
    windowScreen: 0
    windowRgb: [-0.7 -0.7 -0.7]
    windowRefreshTimeSD_ms: 0.196
    windowRefreshTimeMedian_ms: 16.664
    windowRefreshTimeAvg_ms: 16.667
    windowPos_pix: (0, 0)
    windowMonitor.name: testmonitor
    windowMonitor.getWidth_cm: 34.5
    windowMonitor.getDistance_cm: 57.0
    windowMonitor.currentCalibName: 2023_04_29 15:10
    windowIsFullScr: True
  #[[ Python ]] #---------
    pythonVersion: 3.8.10
  #[[ OpenGL ]] #---------
#[ PsychoPy3 RuntimeInfoEnd ]

64.1507 	WARNING 	TextStim.alignVert is deprecated. Use the anchorVert attribute instead
64.1508 	WARNING 	TextStim.alignHoriz is deprecated. Use alignText and anchorHoriz attributes instead
64.1864 	WARNING 	TextStim.alignVert is deprecated. Use the anchorVert attribute instead
64.1864 	WARNING 	TextStim.alignHoriz is deprecated. Use alignText and anchorHoriz attributes instead
64.1995 	WARNING 	TextStim.alignVert is deprecated. Use the anchorVert attribute instead
64.1995 	WARNING 	TextStim.alignHoriz is deprecated. Use alignText and anchorHoriz attributes instead
64.2085 	WARNING 	TextStim.alignVert is deprecated. Use the anchorVert attribute instead
64.2085 	WARNING 	TextStim.alignHoriz is deprecated. Use alignText and anchorHoriz attributes instead
64.2106 	WARNING 	TextStim.alignVert is deprecated. Use the anchorVert attribute instead
64.2106 	WARNING 	TextStim.alignHoriz is deprecated. Use alignText and anchorHoriz attributes instead
64.2134 	EXP 	Created sequence: random, trialTypes=25, nReps=6, seed=None
64.5838 	EXP 	Created sequence: random, trialTypes=25, nReps=6, seed=None
64.5844 	INFO 	numtrials=150 and each trialDurFrames=182 or 3033.3333333333335 ms  task=T1T2
64.5875 	WARNING 	TextStim.alignVert is deprecated. Use the anchorVert attribute instead
64.5875 	WARNING 	TextStim.alignHoriz is deprecated. Use alignText and anchorHoriz attributes instead
64.6008 	WARNING 	TextStim.alignVert is deprecated. Use the anchorVert attribute instead
64.6008 	WARNING 	TextStim.alignHoriz is deprecated. Use alignText and anchorHoriz attributes instead
64.6094 	WARNING 	TextStim.alignVert is deprecated. Use the anchorVert attribute instead
64.6094 	WARNING 	TextStim.alignHoriz is deprecated. Use alignText and anchorHoriz attributes instead
64.6146 	WARNING 	TextStim.alignVert is deprecated. Use the anchorVert attribute instead
64.6146 	WARNING 	TextStim.alignHoriz is deprecated. Use alignText and anchorHoriz attributes instead
64.6190 	WARNING 	TextStim.alignVert is deprecated. Use the anchorVert attribute instead
64.6191 	WARNING 	TextStim.alignHoriz is deprecated. Use alignText and anchorHoriz attributes instead
64.6233 	WARNING 	TextStim.alignVert is deprecated. Use the anchorVert attribute instead
64.6233 	WARNING 	TextStim.alignHoriz is deprecated. Use alignText and anchorHoriz attributes instead
64.6283 	WARNING 	TextStim.alignVert is deprecated. Use the anchorVert attribute instead
64.6283 	WARNING 	TextStim.alignHoriz is deprecated. Use alignText and anchorHoriz attributes instead
64.6334 	WARNING 	TextStim.alignVert is deprecated. Use the anchorVert attribute instead
64.6334 	WARNING 	TextStim.alignHoriz is deprecated. Use alignText and anchorHoriz attributes instead
64.6372 	WARNING 	TextStim.alignVert is deprecated. Use the anchorVert attribute instead
64.6373 	WARNING 	TextStim.alignHoriz is deprecated. Use alignText and anchorHoriz attributes instead
64.6417 	WARNING 	TextStim.alignVert is deprecated. Use the anchorVert attribute instead
64.6417 	WARNING 	TextStim.alignHoriz is deprecated. Use alignText and anchorHoriz attributes instead
64.6464 	WARNING 	TextStim.alignVert is deprecated. Use the anchorVert attribute instead
64.6465 	WARNING 	TextStim.alignHoriz is deprecated. Use alignText and anchorHoriz attributes instead
64.6505 	WARNING 	TextStim.alignVert is deprecated. Use the anchorVert attribute instead
64.6505 	WARNING 	TextStim.alignHoriz is deprecated. Use alignText and anchorHoriz attributes instead
64.6551 	WARNING 	TextStim.alignVert is deprecated. Use the anchorVert attribute instead
64.6551 	WARNING 	TextStim.alignHoriz is deprecated. Use alignText and anchorHoriz attributes instead
64.6610 	WARNING 	TextStim.alignVert is deprecated. Use the anchorVert attribute instead
64.6610 	WARNING 	TextStim.alignHoriz is deprecated. Use alignText and anchorHoriz attributes instead
64.6649 	WARNING 	TextStim.alignVert is deprecated. Use the anchorVert attribute instead
64.6649 	WARNING 	TextStim.alignHoriz is deprecated. Use alignText and anchorHoriz attributes instead
64.6693 	WARNING 	TextStim.alignVert is deprecated. Use the anchorVert attribute instead
64.6693 	WARNING 	TextStim.alignHoriz is deprecated. Use alignText and anchorHoriz attributes instead
64.6733 	WARNING 	TextStim.alignVert is deprecated. Use the anchorVert attribute instead
64.6733 	WARNING 	TextStim.alignHoriz is deprecated. Use alignText and anchorHoriz attributes instead
64.6776 	WARNING 	TextStim.alignVert is deprecated. Use the anchorVert attribute instead
64.6776 	WARNING 	TextStim.alignHoriz is deprecated. Use alignText and anchorHoriz attributes instead
64.6817 	WARNING 	TextStim.alignVert is deprecated. Use the anchorVert attribute instead
64.6817 	WARNING 	TextStim.alignHoriz is deprecated. Use alignText and anchorHoriz attributes instead
64.6859 	WARNING 	TextStim.alignVert is deprecated. Use the anchorVert attribute instead
64.6860 	WARNING 	TextStim.alignHoriz is deprecated. Use alignText and anchorHoriz attributes instead
64.6898 	WARNING 	TextStim.alignVert is deprecated. Use the anchorVert attribute instead
64.6898 	WARNING 	TextStim.alignHoriz is deprecated. Use alignText and anchorHoriz attributes instead
64.6940 	WARNING 	TextStim.alignVert is deprecated. Use the anchorVert attribute instead
64.6940 	WARNING 	TextStim.alignHoriz is deprecated. Use alignText and anchorHoriz attributes instead
64.6983 	WARNING 	TextStim.alignVert is deprecated. Use the anchorVert attribute instead
64.6983 	WARNING 	TextStim.alignHoriz is deprecated. Use alignText and anchorHoriz attributes instead
64.7030 	WARNING 	TextStim.alignVert is deprecated. Use the anchorVert attribute instead
64.7030 	WARNING 	TextStim.alignHoriz is deprecated. Use alignText and anchorHoriz attributes instead
64.7069 	WARNING 	TextStim.alignVert is deprecated. Use the anchorVert attribute instead
64.7069 	WARNING 	TextStim.alignHoriz is deprecated. Use alignText and anchorHoriz attributes instead
64.7113 	WARNING 	TextStim.alignVert is deprecated. Use the anchorVert attribute instead
64.7113 	WARNING 	TextStim.alignHoriz is deprecated. Use alignText and anchorHoriz attributes instead
64.7154 	INFO 	Experiment will have 150 trials. Letters will be drawn with superposed noise of0.00%
64.7154 	INFO 	Starting main (non-staircase) part of experiment
64.7155 	EXP 	New trial (rep=0, index=0): {'cue1pos': 7, 'cue2lag': 10}
68.8601 	EXP 	window1: recordFrameIntervals = False
70.2322 	DATA 	Keypress: d
70.6778 	DATA 	Keypress: t
71.2114 	EXP 	New trial (rep=0, index=1): {'cue1pos': 8, 'cue2lag': 10}
74.9602 	EXP 	window1: recordFrameIntervals = False
75.9114 	DATA 	Keypress: p
76.4954 	DATA 	Keypress: w
77.0276 	EXP 	New trial (rep=0, index=2): {'cue1pos': 9, 'cue2lag': 5}
81.0768 	EXP 	window1: recordFrameIntervals = False
81.4963 	DATA 	Keypress: r
81.7447 	DATA 	Keypress: j
82.2781 	EXP 	New trial (rep=0, index=3): {'cue1pos': 10, 'cue2lag': 8}
86.1439 	EXP 	window1: recordFrameIntervals = False
92.1289 	DATA 	Mouse: Left button down, pos=(67,319)
92.2944 	DATA 	Keypress: r
92.3445 	DATA 	Mouse:  Left button up, pos=(67,319)
92.9613 	DATA 	Keypress: f
93.4784 	EXP 	New trial (rep=0, index=4): {'cue1pos': 10, 'cue2lag': 10}
97.3602 	EXP 	window1: recordFrameIntervals = False
98.1118 	DATA 	Keypress: t
99.0117 	DATA 	Keypress: d
99.5449 	EXP 	New trial (rep=0, index=5): {'cue1pos': 9, 'cue2lag': 1}
103.5936 	EXP 	window1: recordFrameIntervals = False
104.3615 	DATA 	Keypress: k
104.5951 	DATA 	Keypress: i
105.1275 	EXP 	New trial (rep=0, index=6): {'cue1pos': 8, 'cue2lag': 1}
109.1603 	EXP 	window1: recordFrameIntervals = False
110.3446 	DATA 	Keypress: p
110.5949 	DATA 	Keypress: s
111.1278 	EXP 	New trial (rep=0, index=7): {'cue1pos': 10, 'cue2lag': 1}
114.8603 	EXP 	window1: recordFrameIntervals = False
115.4113 	DATA 	Keypress: a
115.7288 	DATA 	Keypress: f
116.2605 	EXP 	New trial (rep=0, index=8): {'cue1pos': 9, 'cue2lag': 2}
120.1937 	EXP 	window1: recordFrameIntervals = False
121.1273 	DATA 	Keypress: t
121.3123 	DATA 	Keypress: o
121.8445 	EXP 	New trial (rep=0, index=9): {'cue1pos': 6, 'cue2lag': 8}
125.8437 	EXP 	window1: recordFrameIntervals = False
126.6114 	DATA 	Keypress: t
127.1282 	DATA 	Keypress: f
127.6614 	EXP 	New trial (rep=0, index=10): {'cue1pos': 7, 'cue2lag': 1}
131.7436 	EXP 	window1: recordFrameIntervals = False
132.6615 	DATA 	Keypress: f
133.0455 	DATA 	Keypress: y
133.5775 	EXP 	New trial (rep=0, index=11): {'cue1pos': 8, 'cue2lag': 5}
137.5104 	EXP 	window1: recordFrameIntervals = False
138.3614 	DATA 	Keypress: b
138.5606 	DATA 	Keypress: x
139.0779 	EXP 	New trial (rep=0, index=12): {'cue1pos': 6, 'cue2lag': 5}
142.6114 	DATA 	Keypress: w
142.9104 	EXP 	window1: recordFrameIntervals = False
143.3783 	DATA 	Keypress: w
144.5114 	DATA 	Keypress: z
145.0439 	EXP 	New trial (rep=0, index=13): {'cue1pos': 8, 'cue2lag': 8}
149.0937 	EXP 	window1: recordFrameIntervals = False
149.5950 	DATA 	Keypress: s
149.9119 	DATA 	Keypress: t
150.4446 	EXP 	New trial (rep=0, index=14): {'cue1pos': 6, 'cue2lag': 2}
154.4438 	EXP 	window1: recordFrameIntervals = False
154.8618 	DATA 	Keypress: w
155.2133 	DATA 	Keypress: x
155.7453 	EXP 	New trial (rep=0, index=15): {'cue1pos': 9, 'cue2lag': 8}
159.7938 	EXP 	window1: recordFrameIntervals = False
160.7451 	DATA 	Keypress: z
161.1449 	DATA 	Keypress: t
161.6785 	EXP 	New trial (rep=0, index=16): {'cue1pos': 6, 'cue2lag': 10}
165.5938 	EXP 	window1: recordFrameIntervals = False
166.6619 	DATA 	Keypress: o
166.8115 	DATA 	Keypress: a
167.3441 	EXP 	New trial (rep=0, index=17): {'cue1pos': 10, 'cue2lag': 5}
171.5105 	EXP 	window1: recordFrameIntervals = False
172.1615 	DATA 	Keypress: m
172.3118 	DATA 	Keypress: v
172.8449 	EXP 	New trial (rep=0, index=18): {'cue1pos': 7, 'cue2lag': 8}
177.0105 	EXP 	window1: recordFrameIntervals = False
177.9952 	DATA 	Keypress: h
178.1449 	DATA 	Keypress: e
178.6779 	EXP 	New trial (rep=0, index=19): {'cue1pos': 7, 'cue2lag': 2}
182.8275 	EXP 	window1: recordFrameIntervals = False
183.2133 	DATA 	Keypress: a
183.5786 	DATA 	Keypress: z
184.1116 	EXP 	New trial (rep=0, index=20): {'cue1pos': 7, 'cue2lag': 5}
188.1773 	EXP 	window1: recordFrameIntervals = False
188.9628 	DATA 	Keypress: g
189.2616 	DATA 	Keypress: c
189.7951 	EXP 	New trial (rep=0, index=21): {'cue1pos': 10, 'cue2lag': 2}
193.5939 	EXP 	window1: recordFrameIntervals = False
194.5119 	DATA 	Keypress: p
194.6449 	DATA 	Keypress: e
195.1782 	EXP 	New trial (rep=0, index=22): {'cue1pos': 8, 'cue2lag': 2}
199.0439 	EXP 	window1: recordFrameIntervals = False
199.4289 	DATA 	Keypress: g
199.6776 	DATA 	Keypress: h
200.1949 	EXP 	New trial (rep=0, index=23): {'cue1pos': 6, 'cue2lag': 1}
204.0606 	EXP 	window1: recordFrameIntervals = False
205.0117 	DATA 	Keypress: z
206.1618 	DATA 	Keypress: i
206.6944 	EXP 	New trial (rep=0, index=24): {'cue1pos': 9, 'cue2lag': 10}
210.5607 	EXP 	window1: recordFrameIntervals = False
211.2133 	DATA 	Keypress: w
211.3119 	DATA 	Keypress: f
211.8443 	EXP 	New trial (rep=1, index=0): {'cue1pos': 10, 'cue2lag': 5}
215.8107 	EXP 	window1: recordFrameIntervals = False
216.4955 	DATA 	Keypress: x
216.8118 	DATA 	Keypress: g
217.3448 	EXP 	New trial (rep=1, index=1): {'cue1pos': 9, 'cue2lag': 10}
221.0608 	EXP 	window1: recordFrameIntervals = False
221.6790 	DATA 	Keypress: g
221.7784 	DATA 	Keypress: u
222.3109 	EXP 	New trial (rep=1, index=2): {'cue1pos': 8, 'cue2lag': 8}
226.1274 	EXP 	window1: recordFrameIntervals = False
226.4455 	DATA 	Keypress: c
226.5617 	DATA 	Keypress: k
227.0943 	EXP 	New trial (rep=1, index=3): {'cue1pos': 8, 'cue2lag': 2}
231.1441 	EXP 	window1: recordFrameIntervals = False
231.9611 	DATA 	Keypress: m
232.1958 	DATA 	Keypress: r
232.7284 	EXP 	New trial (rep=1, index=4): {'cue1pos': 6, 'cue2lag': 2}
236.9275 	EXP 	window1: recordFrameIntervals = False
237.9118 	DATA 	Keypress: y
238.1947 	DATA 	Keypress: z
238.7112 	EXP 	New trial (rep=1, index=5): {'cue1pos': 7, 'cue2lag': 5}
242.8608 	EXP 	window1: recordFrameIntervals = False
243.3623 	DATA 	Keypress: b
243.4960 	DATA 	Keypress: r
244.0291 	EXP 	New trial (rep=1, index=6): {'cue1pos': 9, 'cue2lag': 2}
247.9274 	EXP 	window1: recordFrameIntervals = False
248.8619 	DATA 	Keypress: w
249.0618 	DATA 	Keypress: j
249.5953 	EXP 	New trial (rep=1, index=7): {'cue1pos': 8, 'cue2lag': 10}
253.4775 	EXP 	window1: recordFrameIntervals = False
254.0958 	DATA 	Keypress: w
254.2285 	DATA 	Keypress: k
254.7621 	EXP 	New trial (rep=1, index=8): {'cue1pos': 10, 'cue2lag': 1}
258.5109 	EXP 	window1: recordFrameIntervals = False
258.8621 	DATA 	Keypress: q
259.5787 	DATA 	Keypress: z
260.1119 	EXP 	New trial (rep=1, index=9): {'cue1pos': 6, 'cue2lag': 5}
263.9776 	EXP 	window1: recordFrameIntervals = False
264.6123 	DATA 	Keypress: r
264.7788 	DATA 	Keypress: n
265.3117 	EXP 	New trial (rep=1, index=10): {'cue1pos': 7, 'cue2lag': 8}
269.0776 	EXP 	window1: recordFrameIntervals = False
269.4788 	DATA 	Keypress: c
269.6963 	DATA 	Keypress: w
270.2281 	EXP 	New trial (rep=1, index=11): {'cue1pos': 9, 'cue2lag': 5}
274.0609 	EXP 	window1: recordFrameIntervals = False
274.6292 	DATA 	Keypress: k
274.7470 	DATA 	Keypress: a
275.2784 	EXP 	New trial (rep=1, index=12): {'cue1pos': 7, 'cue2lag': 10}
279.2276 	EXP 	window1: recordFrameIntervals = False
279.6120 	DATA 	Keypress: g
279.7135 	DATA 	Keypress: l
280.2449 	EXP 	New trial (rep=1, index=13): {'cue1pos': 6, 'cue2lag': 10}
284.3776 	EXP 	window1: recordFrameIntervals = False
285.1630 	DATA 	Keypress: e
285.4113 	DATA 	Keypress: r
285.7141 	DATA 	Keypress: apostrophe
285.9280 	EXP 	New trial (rep=1, index=14): {'cue1pos': 6, 'cue2lag': 8}
290.1110 	EXP 	window1: recordFrameIntervals = False
290.5780 	DATA 	Keypress: m
290.6793 	DATA 	Keypress: t
291.2124 	EXP 	New trial (rep=1, index=15): {'cue1pos': 8, 'cue2lag': 1}
294.9610 	EXP 	window1: recordFrameIntervals = False
295.3126 	DATA 	Keypress: b
295.3789 	DATA 	Keypress: o
295.9124 	EXP 	New trial (rep=1, index=16): {'cue1pos': 10, 'cue2lag': 8}
300.0110 	EXP 	window1: recordFrameIntervals = False
300.3620 	DATA 	Keypress: p
300.4457 	DATA 	Keypress: z
300.9777 	EXP 	New trial (rep=1, index=17): {'cue1pos': 10, 'cue2lag': 2}
304.9110 	EXP 	window1: recordFrameIntervals = False
305.3120 	DATA 	Keypress: s
305.7631 	DATA 	Keypress: r
306.2950 	EXP 	New trial (rep=1, index=18): {'cue1pos': 8, 'cue2lag': 5}
310.2111 	EXP 	window1: recordFrameIntervals = False
310.6792 	DATA 	Keypress: z
310.9626 	DATA 	Keypress: e
311.4947 	EXP 	New trial (rep=1, index=19): {'cue1pos': 9, 'cue2lag': 1}
315.4953 	DATA 	Keypress: s
315.5277 	EXP 	window1: recordFrameIntervals = False
316.0121 	DATA 	Keypress: s
316.1121 	DATA 	Keypress: k
316.6455 	EXP 	New trial (rep=1, index=20): {'cue1pos': 7, 'cue2lag': 2}
320.8111 	EXP 	window1: recordFrameIntervals = False
321.4623 	DATA 	Keypress: l
321.7964 	DATA 	Keypress: a
322.3277 	EXP 	New trial (rep=1, index=21): {'cue1pos': 9, 'cue2lag': 8}
326.2277 	EXP 	window1: recordFrameIntervals = False
326.5794 	DATA 	Keypress: r
326.8957 	DATA 	Keypress: q
327.4285 	EXP 	New trial (rep=1, index=22): {'cue1pos': 7, 'cue2lag': 1}
331.4111 	EXP 	window1: recordFrameIntervals = False
331.8291 	DATA 	Keypress: r
332.0963 	DATA 	Keypress: v
332.6289 	EXP 	New trial (rep=1, index=23): {'cue1pos': 10, 'cue2lag': 10}
336.7945 	EXP 	window1: recordFrameIntervals = False
337.5622 	DATA 	Keypress: h
337.6960 	DATA 	Keypress: k
338.2292 	EXP 	New trial (rep=1, index=24): {'cue1pos': 6, 'cue2lag': 1}
342.0612 	EXP 	window1: recordFrameIntervals = False
342.2307 	DATA 	Keypress: f
342.6288 	DATA 	Keypress: t
343.1616 	EXP 	New trial (rep=2, index=0): {'cue1pos': 8, 'cue2lag': 10}
347.0279 	EXP 	window1: recordFrameIntervals = False
348.0296 	DATA 	Keypress: r
348.1456 	DATA 	Keypress: w
348.6792 	EXP 	New trial (rep=2, index=1): {'cue1pos': 9, 'cue2lag': 8}
352.6945 	EXP 	window1: recordFrameIntervals = False
353.7289 	DATA 	Keypress: y
353.9123 	DATA 	Keypress: d
354.4460 	EXP 	New trial (rep=2, index=2): {'cue1pos': 6, 'cue2lag': 5}
358.5445 	EXP 	window1: recordFrameIntervals = False
359.1455 	DATA 	Keypress: r
359.2310 	DATA 	Keypress: e
359.7616 	EXP 	New trial (rep=2, index=3): {'cue1pos': 10, 'cue2lag': 2}
363.8117 	EXP 	window1: recordFrameIntervals = False
364.3623 	DATA 	Keypress: z
365.1294 	DATA 	Keypress: k
365.6619 	EXP 	New trial (rep=2, index=4): {'cue1pos': 8, 'cue2lag': 1}
369.4450 	EXP 	window1: recordFrameIntervals = False
370.0296 	DATA 	Keypress: b
370.4972 	DATA 	Keypress: q
371.0284 	EXP 	New trial (rep=2, index=5): {'cue1pos': 6, 'cue2lag': 2}
375.1447 	EXP 	window1: recordFrameIntervals = False
375.8133 	DATA 	Keypress: w
375.9959 	DATA 	Keypress: n
376.5282 	EXP 	New trial (rep=2, index=6): {'cue1pos': 7, 'cue2lag': 1}
380.7280 	EXP 	window1: recordFrameIntervals = False
381.1297 	DATA 	Keypress: g
381.3958 	DATA 	Keypress: v
381.9285 	EXP 	New trial (rep=2, index=7): {'cue1pos': 7, 'cue2lag': 10}
385.7113 	EXP 	window1: recordFrameIntervals = False
386.2624 	DATA 	Keypress: n
386.7624 	DATA 	Keypress: u
387.2958 	EXP 	New trial (rep=2, index=8): {'cue1pos': 10, 'cue2lag': 1}
391.1614 	EXP 	window1: recordFrameIntervals = False
391.5127 	DATA 	Keypress: f
392.2290 	DATA 	Keypress: z
392.7621 	EXP 	New trial (rep=2, index=9): {'cue1pos': 9, 'cue2lag': 2}
396.5280 	EXP 	window1: recordFrameIntervals = False
397.0126 	DATA 	Keypress: s
397.5134 	DATA 	Keypress: u
398.0457 	EXP 	New trial (rep=2, index=10): {'cue1pos': 8, 'cue2lag': 5}
402.0781 	EXP 	window1: recordFrameIntervals = False
402.7625 	DATA 	Keypress: s
403.1636 	DATA 	Keypress: x
403.6958 	EXP 	New trial (rep=2, index=11): {'cue1pos': 10, 'cue2lag': 5}
407.8281 	EXP 	window1: recordFrameIntervals = False
408.8799 	DATA 	Keypress: h
409.0124 	DATA 	Keypress: l
409.5464 	EXP 	New trial (rep=2, index=12): {'cue1pos': 10, 'cue2lag': 10}
413.3114 	EXP 	window1: recordFrameIntervals = False
413.7959 	DATA 	Keypress: o
413.8792 	DATA 	Keypress: s
414.4125 	EXP 	New trial (rep=2, index=13): {'cue1pos': 9, 'cue2lag': 1}
418.6115 	EXP 	window1: recordFrameIntervals = False
419.3624 	DATA 	Keypress: g
419.5792 	DATA 	Keypress: f
420.1125 	EXP 	New trial (rep=2, index=14): {'cue1pos': 8, 'cue2lag': 2}
424.1282 	EXP 	window1: recordFrameIntervals = False
424.8466 	DATA 	Keypress: b
425.0796 	DATA 	Keypress: x
425.6125 	EXP 	New trial (rep=2, index=15): {'cue1pos': 6, 'cue2lag': 8}
429.4281 	EXP 	window1: recordFrameIntervals = False
430.0793 	DATA 	Keypress: t
430.2468 	DATA 	Keypress: p
430.7788 	EXP 	New trial (rep=2, index=16): {'cue1pos': 9, 'cue2lag': 5}
434.8782 	EXP 	window1: recordFrameIntervals = False
435.8959 	DATA 	Keypress: y
436.0295 	DATA 	Keypress: k
436.5616 	EXP 	New trial (rep=2, index=17): {'cue1pos': 9, 'cue2lag': 10}
440.4616 	EXP 	window1: recordFrameIntervals = False
441.3126 	DATA 	Keypress: z
441.4462 	DATA 	Keypress: j
441.9789 	EXP 	New trial (rep=2, index=18): {'cue1pos': 7, 'cue2lag': 5}
445.7615 	EXP 	window1: recordFrameIntervals = False
446.4126 	DATA 	Keypress: f
446.6952 	DATA 	Keypress: s
447.2120 	EXP 	New trial (rep=2, index=19): {'cue1pos': 6, 'cue2lag': 10}
450.9784 	EXP 	window1: recordFrameIntervals = False
451.6786 	DATA 	Keypress: k
451.9636 	DATA 	Keypress: a
452.4957 	EXP 	New trial (rep=2, index=20): {'cue1pos': 10, 'cue2lag': 8}
456.3782 	EXP 	window1: recordFrameIntervals = False
456.8952 	DATA 	Keypress: u
456.9790 	DATA 	Keypress: g
457.4960 	EXP 	New trial (rep=2, index=21): {'cue1pos': 7, 'cue2lag': 2}
461.4124 	DATA 	Keypress: s
461.5117 	EXP 	window1: recordFrameIntervals = False
462.0294 	DATA 	Keypress: s
462.7472 	DATA 	Keypress: t
463.2788 	EXP 	New trial (rep=2, index=22): {'cue1pos': 6, 'cue2lag': 1}
467.4283 	EXP 	window1: recordFrameIntervals = False
467.9130 	DATA 	Keypress: r
468.0457 	DATA 	Keypress: o
468.5621 	EXP 	New trial (rep=2, index=23): {'cue1pos': 7, 'cue2lag': 8}
472.6950 	EXP 	window1: recordFrameIntervals = False
473.3628 	DATA 	Keypress: s
473.6788 	DATA 	Keypress: p
474.1963 	EXP 	New trial (rep=2, index=24): {'cue1pos': 8, 'cue2lag': 8}
478.0950 	EXP 	window1: recordFrameIntervals = False
478.6632 	DATA 	Keypress: a
478.9297 	DATA 	Keypress: m
479.4620 	EXP 	New trial (rep=3, index=0): {'cue1pos': 8, 'cue2lag': 1}
483.6285 	EXP 	window1: recordFrameIntervals = False
484.0635 	DATA 	Keypress: f
484.3961 	DATA 	Keypress: s
515.5518 	DATA 	Keypress: space
515.9524 	EXP 	New trial (rep=3, index=1): {'cue1pos': 10, 'cue2lag': 8}
519.7452 	EXP 	window1: recordFrameIntervals = False
520.4954 	DATA 	Keypress: b
520.7804 	DATA 	Keypress: t
521.3125 	EXP 	New trial (rep=3, index=2): {'cue1pos': 9, 'cue2lag': 2}
525.1785 	EXP 	window1: recordFrameIntervals = False
525.8956 	DATA 	Keypress: k
526.1297 	DATA 	Keypress: z
526.6621 	EXP 	New trial (rep=3, index=3): {'cue1pos': 10, 'cue2lag': 1}
530.3786 	EXP 	window1: recordFrameIntervals = False
530.7957 	DATA 	Keypress: m
531.2302 	DATA 	Keypress: y
531.7627 	EXP 	New trial (rep=3, index=4): {'cue1pos': 8, 'cue2lag': 2}
535.4786 	EXP 	window1: recordFrameIntervals = False
535.9464 	DATA 	Keypress: a
536.7802 	DATA 	Keypress: d
537.3128 	EXP 	New trial (rep=3, index=5): {'cue1pos': 8, 'cue2lag': 5}
541.4453 	EXP 	window1: recordFrameIntervals = False
542.1463 	DATA 	Keypress: g
542.2642 	DATA 	Keypress: i
542.7965 	EXP 	New trial (rep=3, index=6): {'cue1pos': 6, 'cue2lag': 1}
546.5453 	EXP 	window1: recordFrameIntervals = False
546.9631 	DATA 	Keypress: w
547.0964 	DATA 	Keypress: b
547.6288 	EXP 	New trial (rep=3, index=7): {'cue1pos': 7, 'cue2lag': 10}
551.5453 	EXP 	window1: recordFrameIntervals = False
552.0968 	DATA 	Keypress: y
552.2798 	DATA 	Keypress: t
552.8120 	EXP 	New trial (rep=3, index=8): {'cue1pos': 9, 'cue2lag': 8}
556.5953 	EXP 	window1: recordFrameIntervals = False
556.9968 	DATA 	Keypress: m
557.1131 	DATA 	Keypress: c
557.6467 	EXP 	New trial (rep=3, index=9): {'cue1pos': 7, 'cue2lag': 2}
561.5287 	EXP 	window1: recordFrameIntervals = False
562.2636 	DATA 	Keypress: w
562.5639 	DATA 	Keypress: v
563.0963 	EXP 	New trial (rep=3, index=10): {'cue1pos': 8, 'cue2lag': 8}
567.2121 	EXP 	window1: recordFrameIntervals = False
567.7971 	DATA 	Keypress: s
567.9306 	DATA 	Keypress: j
568.4622 	EXP 	New trial (rep=3, index=11): {'cue1pos': 7, 'cue2lag': 1}
572.5787 	EXP 	window1: recordFrameIntervals = False
573.0971 	DATA 	Keypress: n
573.4291 	DATA 	Keypress: j
573.9462 	EXP 	New trial (rep=3, index=12): {'cue1pos': 8, 'cue2lag': 10}
578.0120 	EXP 	window1: recordFrameIntervals = False
578.7305 	DATA 	Keypress: k
579.0467 	DATA 	Keypress: r
579.5791 	EXP 	New trial (rep=3, index=13): {'cue1pos': 10, 'cue2lag': 10}
583.6788 	EXP 	window1: recordFrameIntervals = False
584.3291 	DATA 	Keypress: k
584.5465 	DATA 	Keypress: v
585.0797 	EXP 	New trial (rep=3, index=14): {'cue1pos': 10, 'cue2lag': 5}
589.2460 	EXP 	window1: recordFrameIntervals = False
589.9467 	DATA 	Keypress: n
590.1466 	DATA 	Keypress: b
590.6794 	EXP 	New trial (rep=3, index=15): {'cue1pos': 9, 'cue2lag': 10}
594.6288 	EXP 	window1: recordFrameIntervals = False
595.0300 	DATA 	Keypress: w
595.9633 	DATA 	Keypress: t
596.4958 	EXP 	New trial (rep=3, index=16): {'cue1pos': 7, 'cue2lag': 5}
596.4983 	DATA 	Keypress: r
600.4621 	EXP 	window1: recordFrameIntervals = False
601.2801 	DATA 	Keypress: d
601.6801 	DATA 	Keypress: v
602.2130 	EXP 	New trial (rep=3, index=17): {'cue1pos': 9, 'cue2lag': 5}
606.4122 	EXP 	window1: recordFrameIntervals = False
607.0968 	DATA 	Keypress: v
607.2472 	DATA 	Keypress: k
607.7637 	EXP 	New trial (rep=3, index=18): {'cue1pos': 9, 'cue2lag': 1}
611.5956 	EXP 	window1: recordFrameIntervals = False
612.4805 	DATA 	Keypress: b
612.8959 	DATA 	Keypress: j
613.4131 	EXP 	New trial (rep=3, index=19): {'cue1pos': 6, 'cue2lag': 2}
617.5956 	EXP 	window1: recordFrameIntervals = False
618.3965 	DATA 	Keypress: a
618.9294 	DATA 	Keypress: d
619.4472 	EXP 	New trial (rep=3, index=20): {'cue1pos': 7, 'cue2lag': 8}
623.2290 	EXP 	window1: recordFrameIntervals = False
623.8132 	DATA 	Keypress: p
624.1473 	DATA 	Keypress: b
624.6797 	EXP 	New trial (rep=3, index=21): {'cue1pos': 6, 'cue2lag': 5}
628.6789 	EXP 	window1: recordFrameIntervals = False
629.0967 	DATA 	Keypress: k
629.2136 	DATA 	Keypress: a
629.7469 	EXP 	New trial (rep=3, index=22): {'cue1pos': 10, 'cue2lag': 2}
633.7290 	EXP 	window1: recordFrameIntervals = False
634.4469 	DATA 	Keypress: j
634.9303 	DATA 	Keypress: p
635.4631 	EXP 	New trial (rep=3, index=23): {'cue1pos': 6, 'cue2lag': 10}
639.5789 	EXP 	window1: recordFrameIntervals = False
640.0305 	DATA 	Keypress: j
640.2306 	DATA 	Keypress: u
640.7635 	EXP 	New trial (rep=3, index=24): {'cue1pos': 6, 'cue2lag': 8}
644.9456 	EXP 	window1: recordFrameIntervals = False
645.5474 	DATA 	Keypress: h
645.9295 	DATA 	Keypress: a
646.4464 	EXP 	New trial (rep=4, index=0): {'cue1pos': 10, 'cue2lag': 1}
650.3957 	EXP 	window1: recordFrameIntervals = False
650.9468 	DATA 	Keypress: y
651.6973 	DATA 	Keypress: z
652.2298 	EXP 	New trial (rep=4, index=1): {'cue1pos': 9, 'cue2lag': 8}
656.0957 	EXP 	window1: recordFrameIntervals = False
656.9296 	DATA 	Keypress: z
657.1302 	DATA 	Keypress: s
657.6640 	EXP 	New trial (rep=4, index=2): {'cue1pos': 10, 'cue2lag': 2}
661.8458 	EXP 	window1: recordFrameIntervals = False
662.4473 	DATA 	Keypress: r
662.9812 	DATA 	Keypress: x
663.5125 	EXP 	New trial (rep=4, index=3): {'cue1pos': 8, 'cue2lag': 8}
667.7124 	EXP 	window1: recordFrameIntervals = False
668.2309 	DATA 	Keypress: b
668.4299 	DATA 	Keypress: g
668.9464 	EXP 	New trial (rep=4, index=4): {'cue1pos': 9, 'cue2lag': 1}
673.1291 	EXP 	window1: recordFrameIntervals = False
674.1806 	DATA 	Keypress: f
674.3969 	DATA 	Keypress: g
674.9299 	EXP 	New trial (rep=4, index=5): {'cue1pos': 8, 'cue2lag': 10}
679.1293 	EXP 	window1: recordFrameIntervals = False
680.1981 	DATA 	Keypress: c
680.3636 	DATA 	Keypress: v
680.8962 	EXP 	New trial (rep=4, index=6): {'cue1pos': 7, 'cue2lag': 8}
684.7125 	EXP 	window1: recordFrameIntervals = False
685.2647 	DATA 	Keypress: r
685.4642 	DATA 	Keypress: t
685.9963 	EXP 	New trial (rep=4, index=7): {'cue1pos': 8, 'cue2lag': 5}
689.9125 	EXP 	window1: recordFrameIntervals = False
690.4307 	DATA 	Keypress: v
690.5802 	DATA 	Keypress: y
691.1136 	EXP 	New trial (rep=4, index=8): {'cue1pos': 9, 'cue2lag': 5}
695.0959 	EXP 	window1: recordFrameIntervals = False
695.5143 	DATA 	Keypress: u
695.8969 	DATA 	Keypress: l
696.4294 	EXP 	New trial (rep=4, index=9): {'cue1pos': 10, 'cue2lag': 8}
700.5626 	EXP 	window1: recordFrameIntervals = False
701.3307 	DATA 	Keypress: n
701.5470 	DATA 	Keypress: u
702.0804 	EXP 	New trial (rep=4, index=10): {'cue1pos': 10, 'cue2lag': 10}
706.1625 	EXP 	window1: recordFrameIntervals = False
706.9470 	DATA 	Keypress: r
707.0818 	DATA 	Keypress: e
707.6129 	EXP 	New trial (rep=4, index=11): {'cue1pos': 6, 'cue2lag': 8}
711.7293 	EXP 	window1: recordFrameIntervals = False
712.1809 	DATA 	Keypress: x
712.2498 	DATA 	Keypress: m
712.7802 	EXP 	New trial (rep=4, index=12): {'cue1pos': 8, 'cue2lag': 1}
716.7459 	EXP 	window1: recordFrameIntervals = False
717.1151 	DATA 	Keypress: w
717.1807 	DATA 	Keypress: o
717.7136 	EXP 	New trial (rep=4, index=13): {'cue1pos': 7, 'cue2lag': 10}
721.6126 	EXP 	window1: recordFrameIntervals = False
722.0970 	DATA 	Keypress: f
722.3650 	DATA 	Keypress: t
722.8972 	EXP 	New trial (rep=4, index=14): {'cue1pos': 8, 'cue2lag': 2}
726.6960 	EXP 	window1: recordFrameIntervals = False
727.0645 	DATA 	Keypress: p
727.1641 	DATA 	Keypress: a
727.6963 	EXP 	New trial (rep=4, index=15): {'cue1pos': 7, 'cue2lag': 5}
731.8629 	EXP 	window1: recordFrameIntervals = False
732.6473 	DATA 	Keypress: p
732.9307 	DATA 	Keypress: d
733.4640 	EXP 	New trial (rep=4, index=16): {'cue1pos': 9, 'cue2lag': 2}
737.4294 	EXP 	window1: recordFrameIntervals = False
737.8305 	DATA 	Keypress: m
738.3472 	DATA 	Keypress: p
738.8808 	EXP 	New trial (rep=4, index=17): {'cue1pos': 6, 'cue2lag': 2}
742.7293 	EXP 	window1: recordFrameIntervals = False
743.4471 	DATA 	Keypress: m
743.8464 	DATA 	Keypress: o
744.3644 	EXP 	New trial (rep=4, index=18): {'cue1pos': 6, 'cue2lag': 10}
748.5464 	EXP 	window1: recordFrameIntervals = False
749.3643 	DATA 	Keypress: z
749.7306 	DATA 	Keypress: q
750.2643 	EXP 	New trial (rep=4, index=19): {'cue1pos': 7, 'cue2lag': 2}
754.2961 	EXP 	window1: recordFrameIntervals = False
754.7484 	DATA 	Keypress: k
755.0973 	DATA 	Keypress: w
755.6306 	EXP 	New trial (rep=4, index=20): {'cue1pos': 10, 'cue2lag': 5}
759.5961 	EXP 	window1: recordFrameIntervals = False
760.3471 	DATA 	Keypress: b
760.5640 	DATA 	Keypress: r
761.0966 	EXP 	New trial (rep=4, index=21): {'cue1pos': 6, 'cue2lag': 5}
765.0961 	EXP 	window1: recordFrameIntervals = False
765.7642 	DATA 	Keypress: t
765.8808 	DATA 	Keypress: p
766.4132 	EXP 	New trial (rep=4, index=22): {'cue1pos': 7, 'cue2lag': 1}
770.1294 	EXP 	window1: recordFrameIntervals = False
770.5147 	DATA 	Keypress: w
770.6642 	DATA 	Keypress: t
771.1972 	EXP 	New trial (rep=4, index=23): {'cue1pos': 9, 'cue2lag': 10}
775.1629 	EXP 	window1: recordFrameIntervals = False
775.7144 	DATA 	Keypress: a
775.9141 	DATA 	Keypress: o
776.4468 	EXP 	New trial (rep=4, index=24): {'cue1pos': 6, 'cue2lag': 1}
780.2296 	EXP 	window1: recordFrameIntervals = False
780.5639 	DATA 	Keypress: s
780.6813 	DATA 	Keypress: r
781.2138 	EXP 	New trial (rep=5, index=0): {'cue1pos': 7, 'cue2lag': 10}
785.0962 	EXP 	window1: recordFrameIntervals = False
785.5980 	DATA 	Keypress: b
785.6643 	DATA 	Keypress: d
786.1976 	EXP 	New trial (rep=5, index=1): {'cue1pos': 7, 'cue2lag': 5}
789.9629 	EXP 	window1: recordFrameIntervals = False
790.4141 	DATA 	Keypress: i
790.5470 	DATA 	Keypress: g
791.0640 	EXP 	New trial (rep=5, index=2): {'cue1pos': 7, 'cue2lag': 8}
795.2463 	EXP 	window1: recordFrameIntervals = False
795.6639 	DATA 	Keypress: a
795.8638 	DATA 	Keypress: v
796.3803 	EXP 	New trial (rep=5, index=3): {'cue1pos': 6, 'cue2lag': 5}
800.2462 	EXP 	window1: recordFrameIntervals = False
800.8479 	DATA 	Keypress: u
801.1634 	DATA 	Keypress: m
801.6805 	EXP 	New trial (rep=5, index=4): {'cue1pos': 8, 'cue2lag': 5}
805.8296 	EXP 	window1: recordFrameIntervals = False
806.2642 	DATA 	Keypress: x
806.4141 	DATA 	Keypress: f
806.9475 	EXP 	New trial (rep=5, index=5): {'cue1pos': 9, 'cue2lag': 8}
810.9296 	EXP 	window1: recordFrameIntervals = False
811.3809 	DATA 	Keypress: w
811.4809 	DATA 	Keypress: r
812.0137 	EXP 	New trial (rep=5, index=6): {'cue1pos': 6, 'cue2lag': 1}
815.7630 	EXP 	window1: recordFrameIntervals = False
816.5147 	DATA 	Keypress: m
816.6474 	DATA 	Keypress: x
817.1810 	EXP 	New trial (rep=5, index=7): {'cue1pos': 8, 'cue2lag': 2}
821.3297 	EXP 	window1: recordFrameIntervals = False
821.6977 	DATA 	Keypress: j
821.8477 	DATA 	Keypress: t
822.3799 	EXP 	New trial (rep=5, index=8): {'cue1pos': 6, 'cue2lag': 8}
826.5797 	EXP 	window1: recordFrameIntervals = False
826.9825 	DATA 	Keypress: z
827.0477 	DATA 	Keypress: i
827.5798 	EXP 	New trial (rep=5, index=9): {'cue1pos': 10, 'cue2lag': 2}
831.4964 	EXP 	window1: recordFrameIntervals = False
831.9308 	DATA 	Keypress: s
832.1322 	DATA 	Keypress: r
832.6635 	EXP 	New trial (rep=5, index=10): {'cue1pos': 9, 'cue2lag': 10}
836.5131 	EXP 	window1: recordFrameIntervals = False
836.9144 	DATA 	Keypress: c
836.9975 	DATA 	Keypress: i
837.5301 	EXP 	New trial (rep=5, index=11): {'cue1pos': 7, 'cue2lag': 2}
841.3797 	EXP 	window1: recordFrameIntervals = False
842.2313 	DATA 	Keypress: l
842.5311 	DATA 	Keypress: p
843.0642 	EXP 	New trial (rep=5, index=12): {'cue1pos': 6, 'cue2lag': 2}
846.9298 	EXP 	window1: recordFrameIntervals = False
847.2637 	DATA 	Keypress: r
847.4815 	DATA 	Keypress: f
848.0144 	EXP 	New trial (rep=5, index=13): {'cue1pos': 9, 'cue2lag': 5}
852.2131 	EXP 	window1: recordFrameIntervals = False
852.7808 	DATA 	Keypress: v
852.8652 	DATA 	Keypress: s
853.3973 	EXP 	New trial (rep=5, index=14): {'cue1pos': 10, 'cue2lag': 5}
857.3298 	EXP 	window1: recordFrameIntervals = False
857.7644 	DATA 	Keypress: s
857.9645 	DATA 	Keypress: x
858.4975 	EXP 	New trial (rep=5, index=15): {'cue1pos': 10, 'cue2lag': 10}
862.6634 	EXP 	window1: recordFrameIntervals = False
863.5642 	DATA 	Keypress: p
863.6982 	DATA 	Keypress: a
864.2310 	EXP 	New trial (rep=5, index=16): {'cue1pos': 9, 'cue2lag': 2}
868.1632 	EXP 	window1: recordFrameIntervals = False
868.5143 	DATA 	Keypress: k
868.6654 	DATA 	Keypress: h
869.1977 	EXP 	New trial (rep=5, index=17): {'cue1pos': 8, 'cue2lag': 10}
872.9965 	EXP 	window1: recordFrameIntervals = False
873.6482 	DATA 	Keypress: j
874.0492 	DATA 	Keypress: p
874.5815 	EXP 	New trial (rep=5, index=18): {'cue1pos': 6, 'cue2lag': 10}
878.6466 	EXP 	window1: recordFrameIntervals = False
879.1144 	DATA 	Keypress: q
879.1815 	DATA 	Keypress: f
879.7145 	EXP 	New trial (rep=5, index=19): {'cue1pos': 9, 'cue2lag': 1}
883.6966 	EXP 	window1: recordFrameIntervals = False
884.2498 	DATA 	Keypress: r
884.3476 	DATA 	Keypress: o
884.8805 	EXP 	New trial (rep=5, index=20): {'cue1pos': 10, 'cue2lag': 8}
888.8299 	EXP 	window1: recordFrameIntervals = False
889.1646 	DATA 	Keypress: f
889.4312 	DATA 	Keypress: t
889.9638 	EXP 	New trial (rep=5, index=21): {'cue1pos': 7, 'cue2lag': 1}
894.0966 	EXP 	window1: recordFrameIntervals = False
894.9148 	DATA 	Keypress: y
895.2145 	DATA 	Keypress: z
895.7471 	EXP 	New trial (rep=5, index=22): {'cue1pos': 8, 'cue2lag': 1}
899.7967 	EXP 	window1: recordFrameIntervals = False
900.1991 	DATA 	Keypress: m
900.2980 	DATA 	Keypress: b
900.8300 	EXP 	New trial (rep=5, index=23): {'cue1pos': 10, 'cue2lag': 1}
904.9967 	EXP 	window1: recordFrameIntervals = False
905.4486 	DATA 	Keypress: d
905.7803 	DATA 	Keypress: z
906.2973 	EXP 	New trial (rep=5, index=24): {'cue1pos': 8, 'cue2lag': 8}
910.2300 	EXP 	window1: recordFrameIntervals = False
910.8303 	DATA 	Keypress: f
911.2977 	DATA 	Keypress: h
911.8305 	INFO 	Finishing at 13:58 on 08 Aug 2023
914.1381 	EXP 	window1: mouseVisible = True
Finishing at 13:58 on 08 Aug 2023
Of 150 trials, on 41.333333333333336% of all trials all targets reported exactly correct
All targets approximately correct in 88.7% of trials
T1: 73.33% correct
T2: 50.0% correct
T1: 97.33% approximately correct
T2: 91.33% approximately correct
T2 for each of the lags, [ 1  2  5  8 10] :  [16.667  3.333 63.333 83.333 83.333] %correct, and  [ 90.     73.333  96.667 100.     96.667] %approximately correct